\BOOKMARK [1][-]{section.1}{\376\377\000I\000n\000t\000r\000o\000d\000u\000c\000t\000i\000o\000n}{}% 1
\BOOKMARK [2][-]{subsection.1.1}{\376\377\000N\000e\000u\000r\000o\000d\000e\000g\000e\000n\000e\000r\000a\000t\000i\000v\000e\000\040\000D\000i\000s\000e\000a\000s\000e\000s}{section.1}% 2
\BOOKMARK [2][-]{subsection.1.2}{\376\377\000O\000l\000f\000a\000c\000t\000o\000r\000y\000\040\000D\000y\000s\000f\000u\000n\000c\000t\000i\000o\000n}{section.1}% 3
\BOOKMARK [2][-]{subsection.1.3}{\376\377\000G\000o\000a\000l\000\040\000o\000f\000\040\000t\000h\000e\000\040\000P\000r\000o\000j\000e\000c\000t}{section.1}% 4
\BOOKMARK [1][-]{section.2}{\376\377\000E\000l\000e\000c\000t\000r\000o\000e\000n\000c\000e\000p\000h\000a\000l\000o\000g\000r\000a\000p\000h\000y\000\040\000\050\000E\000E\000G\000\051}{}% 5
\BOOKMARK [2][-]{subsection.2.1}{\376\377\000W\000h\000a\000t\000\040\000i\000s\000\040\000E\000E\000G\000?}{section.2}% 6
\BOOKMARK [2][-]{subsection.2.2}{\376\377\000A\000l\000z\000h\000e\000i\000m\000e\000r\000'\000s\000\040\000D\000i\000s\000e\000a\000s\000e}{section.2}% 7
\BOOKMARK [2][-]{subsection.2.3}{\376\377\000F\000r\000e\000q\000u\000e\000n\000c\000y\000\040\000B\000a\000n\000d\000s\000\040\000o\000f\000\040\000E\000E\000G}{section.2}% 8
\BOOKMARK [2][-]{subsection.2.4}{\376\377\000S\000a\000m\000p\000l\000i\000n\000g\000\040\000f\000r\000e\000q\000u\000e\000n\000c\000y}{section.2}% 9
\BOOKMARK [1][-]{section.3}{\376\377\000E\000E\000G\000\040\000S\000i\000g\000n\000a\000l\000\040\000P\000r\000o\000c\000e\000s\000s\000i\000n\000g}{}% 10
\BOOKMARK [2][-]{subsection.3.1}{\376\377\000T\000a\000s\000k\000\040\000D\000e\000f\000i\000n\000i\000t\000i\000o\000n}{section.3}% 11
\BOOKMARK [2][-]{subsection.3.2}{\376\377\000D\000a\000t\000a\000\040\000D\000e\000s\000c\000r\000i\000p\000t\000i\000o\000n}{section.3}% 12
\BOOKMARK [2][-]{subsection.3.3}{\376\377\000P\000r\000e\000-\000P\000r\000o\000c\000e\000s\000s\000i\000n\000g}{section.3}% 13
\BOOKMARK [2][-]{subsection.3.4}{\376\377\000P\000h\000a\000s\000e\000\040\000L\000o\000c\000k\000i\000n\000g\000\040\000V\000a\000l\000u\000e\000\040\000\050\000P\000L\000V\000\051}{section.3}% 14
\BOOKMARK [1][-]{section.4}{\376\377\000R\000e\000s\000u\000l\000t\000s}{}% 15
\BOOKMARK [2][-]{subsection.4.1}{\376\377\000V\000a\000l\000u\000e\000s}{section.4}% 16
\BOOKMARK [2][-]{subsection.4.2}{\376\377\000D\000i\000s\000t\000r\000i\000b\000u\000t\000i\000o\000n\000s}{section.4}% 17
\BOOKMARK [2][-]{subsection.4.3}{\376\377\000S\000t\000a\000t\000i\000s\000t\000i\000c\000a\000l\000\040\000S\000i\000g\000n\000i\000f\000i\000c\000a\000n\000c\000e}{section.4}% 18
\BOOKMARK [2][-]{subsection.4.4}{\376\377\000P\000h\000a\000s\000e\000\040\000D\000i\000f\000f\000e\000r\000e\000n\000c\000e}{section.4}% 19
\BOOKMARK [2][-]{subsection.4.5}{\376\377\000H\000e\000a\000t\000m\000a\000p\000s}{section.4}% 20
\BOOKMARK [1][-]{section.5}{\376\377\000*\000B\000o\000n\000u\000s}{}% 21
\BOOKMARK [2][-]{subsection.5.1}{\376\377\000M\000i\000l\000d\000\040\000C\000o\000g\000n\000i\000t\000i\000v\000e\000\040\000I\000m\000p\000a\000i\000r\000m\000e\000n\000t\000\040\000\050\000M\000C\000I\000\051}{section.5}% 22
\BOOKMARK [3][-]{subsubsection.5.1.1}{\376\377\000A\000d\000d\000i\000t\000i\000o\000n\000a\000l\000\040\000I\000n\000f\000o\000r\000m\000a\000t\000i\000o\000n}{subsection.5.1}% 23
\BOOKMARK [3][-]{subsubsection.5.1.2}{\376\377\000M\000C\000I\000\040\000D\000a\000t\000a\000\040\000P\000r\000o\000c\000e\000s\000s\000i\000n\000g}{subsection.5.1}% 24
\BOOKMARK [2][-]{subsection.5.2}{\376\377\000P\000h\000a\000s\000e\000-\000A\000m\000p\000l\000i\000t\000u\000d\000e\000\040\000C\000o\000u\000p\000l\000i\000n\000g\000\040\000\050\000P\000A\000C\000\051}{section.5}% 25
\BOOKMARK [3][-]{subsubsection.5.2.1}{\376\377\000M\000e\000t\000r\000i\000c\000s}{subsection.5.2}% 26
\BOOKMARK [3][-]{subsubsection.5.2.2}{\376\377\000I\000m\000p\000l\000e\000m\000e\000n\000t\000a\000t\000i\000o\000n}{subsection.5.2}% 27
\BOOKMARK [1][-]{section.6}{\376\377\000C\000o\000n\000c\000l\000u\000s\000i\000o\000n}{}% 28
